# JRE version: OpenJDK Runtime Environment (11.0.13) (build 11.0.13+0-b1751.21-8125866)
# Java VM: OpenJDK 64-Bit Server VM (11.0.13+0-b1751.21-8125866, mixed mode, tiered, compressed oops, g1 gc, windows-amd64)
Heap:
 garbage-first heap   total 317440K, used 188389K [0x0000000080000000, 0x0000000100000000)
  region size 1024K, 4 young (4096K), 4 survivors (4096K)
 Metaspace       used 110682K, capacity 113212K, committed 113700K, reserved 1148928K
  class space    used 14122K, capacity 15071K, committed 15308K, reserved 1048576K
GC Heap History (20 events):
Event: 15.952 GC heap after
{Heap after GC invocations=17 (full 0):
 garbage-first heap   total 264192K, used 113439K [0x0000000080000000, 0x0000000100000000)
  region size 1024K, 11 young (11264K), 11 survivors (11264K)
 Metaspace       used 100746K, capacity 103177K, committed 103460K, reserved 1138688K
  class space    used 12799K, capacity 13727K, committed 13772K, reserved 1048576K
}
Event: 16.465 GC heap before
{Heap before GC invocations=17 (full 0):
 garbage-first heap   total 264192K, used 210719K [0x0000000080000000, 0x0000000100000000)
  region size 1024K, 105 young (107520K), 11 survivors (11264K)
 Metaspace       used 104494K, capacity 107134K, committed 107428K, reserved 1142784K
  class space    used 13325K, capacity 14310K, committed 14412K, reserved 1048576K
}
Event: 16.475 GC heap after
{Heap after GC invocations=18 (full 0):
 garbage-first heap   total 264192K, used 134577K [0x0000000080000000, 0x0000000100000000)
  region size 1024K, 14 young (14336K), 14 survivors (14336K)
 Metaspace       used 104494K, capacity 107134K, committed 107428K, reserved 1142784K
  class space    used 13325K, capacity 14310K, committed 14412K, reserved 1048576K
}
Event: 16.815 GC heap before
{Heap before GC invocations=18 (full 0):
 garbage-first heap   total 264192K, used 206257K [0x0000000080000000, 0x0000000100000000)
  region size 1024K, 84 young (86016K), 14 survivors (14336K)
 Metaspace       used 105982K, capacity 108713K, committed 108964K, reserved 1144832K
  class space    used 13542K, capacity 14559K, committed 14668K, reserved 1048576K
}
Event: 16.856 GC heap after
{Heap after GC invocations=19 (full 0):
 garbage-first heap   total 264192K, used 149218K [0x0000000080000000, 0x0000000100000000)
  region size 1024K, 11 young (11264K), 11 survivors (11264K)
 Metaspace       used 105982K, capacity 108713K, committed 108964K, reserved 1144832K
  class space    used 13542K, capacity 14559K, committed 14668K, reserved 1048576K
}
Event: 17.134 GC heap before
{Heap before GC invocations=20 (full 0):
 garbage-first heap   total 264192K, used 207586K [0x0000000080000000, 0x0000000100000000)
  region size 1024K, 70 young (71680K), 11 survivors (11264K)
 Metaspace       used 106484K, capacity 108917K, committed 109860K, reserved 1144832K
  class space    used 13512K, capacity 14424K, committed 14796K, reserved 1048576K
}
Event: 17.151 GC heap after
{Heap after GC invocations=21 (full 0):
 garbage-first heap   total 264192K, used 159744K [0x0000000080000000, 0x0000000100000000)
  region size 1024K, 9 young (9216K), 9 survivors (9216K)
 Metaspace       used 106484K, capacity 108917K, committed 109860K, reserved 1144832K
  class space    used 13512K, capacity 14424K, committed 14796K, reserved 1048576K
}
Event: 17.176 GC heap before
{Heap before GC invocations=21 (full 0):
 garbage-first heap   total 264192K, used 162816K [0x0000000080000000, 0x0000000100000000)
  region size 1024K, 12 young (12288K), 9 survivors (9216K)
 Metaspace       used 106634K, capacity 109109K, committed 110116K, reserved 1144832K
  class space    used 13514K, capacity 14424K, committed 14796K, reserved 1048576K
}
Event: 17.187 GC heap after
{Heap after GC invocations=22 (full 0):
 garbage-first heap   total 264192K, used 149295K [0x0000000080000000, 0x0000000100000000)
  region size 1024K, 2 young (2048K), 2 survivors (2048K)
 Metaspace       used 106634K, capacity 109109K, committed 110116K, reserved 1144832K
  class space    used 13514K, capacity 14424K, committed 14796K, reserved 1048576K
}
Event: 17.358 GC heap before
{Heap before GC invocations=22 (full 0):
 garbage-first heap   total 264192K, used 208687K [0x0000000080000000, 0x0000000100000000)
  region size 1024K, 60 young (61440K), 2 survivors (2048K)
 Metaspace       used 107562K, capacity 110168K, committed 110628K, reserved 1144832K
  class space    used 13698K, capacity 14689K, committed 14796K, reserved 1048576K
}
Event: 17.369 GC heap after
{Heap after GC invocations=23 (full 0):
 garbage-first heap   total 264192K, used 159638K [0x0000000080000000, 0x0000000100000000)
  region size 1024K, 8 young (8192K), 8 survivors (8192K)
 Metaspace       used 107562K, capacity 110168K, committed 110628K, reserved 1144832K
  class space    used 13698K, capacity 14689K, committed 14796K, reserved 1048576K
}
Event: 17.571 GC heap before
{Heap before GC invocations=23 (full 0):
 garbage-first heap   total 264192K, used 210838K [0x0000000080000000, 0x0000000100000000)
  region size 1024K, 59 young (60416K), 8 survivors (8192K)
 Metaspace       used 108026K, capacity 110487K, committed 111268K, reserved 1146880K
  class space    used 13740K, capacity 14702K, committed 14924K, reserved 1048576K
}
Event: 17.586 GC heap after
{Heap after GC invocations=24 (full 0):
 garbage-first heap   total 264192K, used 169559K [0x0000000080000000, 0x0000000100000000)
  region size 1024K, 8 young (8192K), 8 survivors (8192K)
 Metaspace       used 108026K, capacity 110487K, committed 111268K, reserved 1146880K
  class space    used 13740K, capacity 14702K, committed 14924K, reserved 1048576K
}
Event: 17.730 GC heap before
{Heap before GC invocations=25 (full 0):
 garbage-first heap   total 264192K, used 214615K [0x0000000080000000, 0x0000000100000000)
  region size 1024K, 53 young (54272K), 8 survivors (8192K)
 Metaspace       used 108981K, capacity 111499K, committed 112164K, reserved 1146880K
  class space    used 13909K, capacity 14890K, committed 15052K, reserved 1048576K
}
Event: 17.744 GC heap after
{Heap after GC invocations=26 (full 0):
 garbage-first heap   total 264192K, used 178671K [0x0000000080000000, 0x0000000100000000)
  region size 1024K, 7 young (7168K), 7 survivors (7168K)
 Metaspace       used 108981K, capacity 111499K, committed 112164K, reserved 1146880K
  class space    used 13909K, capacity 14890K, committed 15052K, reserved 1048576K
}
Event: 17.760 GC heap before
{Heap before GC invocations=26 (full 0):
 garbage-first heap   total 264192K, used 182767K [0x0000000080000000, 0x0000000100000000)
  region size 1024K, 12 young (12288K), 7 survivors (7168K)
 Metaspace       used 109126K, capacity 111627K, committed 112164K, reserved 1146880K
  class space    used 13923K, capacity 14890K, committed 15052K, reserved 1048576K
}
Event: 17.771 GC heap after
{Heap after GC invocations=27 (full 0):
 garbage-first heap   total 264192K, used 176603K [0x0000000080000000, 0x0000000100000000)
  region size 1024K, 2 young (2048K), 2 survivors (2048K)
 Metaspace       used 109126K, capacity 111627K, committed 112164K, reserved 1146880K
  class space    used 13923K, capacity 14890K, committed 15052K, reserved 1048576K
}
Event: 17.870 GC heap before
{Heap before GC invocations=27 (full 0):
 garbage-first heap   total 264192K, used 217563K [0x0000000080000000, 0x0000000100000000)
  region size 1024K, 42 young (43008K), 2 survivors (2048K)
 Metaspace       used 109810K, capacity 112390K, committed 112804K, reserved 1146880K
  class space    used 14044K, capacity 15039K, committed 15180K, reserved 1048576K
}
Event: 17.881 GC heap after
{Heap after GC invocations=28 (full 0):
 garbage-first heap   total 264192K, used 184310K [0x0000000080000000, 0x0000000100000000)
  region size 1024K, 6 young (6144K), 6 survivors (6144K)
 Metaspace       used 109810K, capacity 112390K, committed 112804K, reserved 1146880K
  class space    used 14044K, capacity 15039K, committed 15180K, reserved 1048576K
}
Event: 18.220 GC heap before
{Heap before GC invocations=29 (full 0):
 garbage-first heap   total 264192K, used 220150K [0x0000000080000000, 0x0000000100000000)
  region size 1024K, 41 young (41984K), 6 survivors (6144K)
 Metaspace       used 110682K, capacity 113212K, committed 113700K, reserved 1148928K
  class space    used 14122K, capacity 15071K, committed 15308K, reserved 1048576K
}

