# JRE version: OpenJDK Runtime Environment (11.0.13) (build 11.0.13+0-b1751.21-8125866)
# Java VM: OpenJDK 64-Bit Server VM (11.0.13+0-b1751.21-8125866, mixed mode, tiered, compressed oops, g1 gc, windows-amd64)
Heap:
 garbage-first heap   total 411648K, used 194512K [0x0000000080000000, 0x0000000100000000)
  region size 1024K, 10 young (10240K), 10 survivors (10240K)
 Metaspace       used 130826K, capacity 134943K, committed 136400K, reserved 1167360K
  class space    used 16632K, capacity 18396K, committed 18944K, reserved 1048576K
GC Heap History (20 events):
Event: 21.973 GC heap after
{Heap after GC invocations=36 (full 0):
 garbage-first heap   total 315392K, used 134339K [0x0000000080000000, 0x0000000100000000)
  region size 1024K, 6 young (6144K), 6 survivors (6144K)
 Metaspace       used 115999K, capacity 118423K, committed 119120K, reserved 1153024K
  class space    used 14054K, capacity 14961K, committed 15232K, reserved 1048576K
}
Event: 22.022 GC heap before
{Heap before GC invocations=36 (full 0):
 garbage-first heap   total 315392K, used 143555K [0x0000000080000000, 0x0000000100000000)
  region size 1024K, 15 young (15360K), 6 survivors (6144K)
 Metaspace       used 115999K, capacity 118423K, committed 119120K, reserved 1153024K
  class space    used 14054K, capacity 14961K, committed 15232K, reserved 1048576K
}
Event: 22.028 GC heap after
{Heap after GC invocations=37 (full 0):
 garbage-first heap   total 315392K, used 118420K [0x0000000080000000, 0x0000000100000000)
  region size 1024K, 1 young (1024K), 1 survivors (1024K)
 Metaspace       used 115999K, capacity 118423K, committed 119120K, reserved 1153024K
  class space    used 14054K, capacity 14961K, committed 15232K, reserved 1048576K
}
Event: 22.377 GC heap before
{Heap before GC invocations=37 (full 0):
 garbage-first heap   total 315392K, used 219796K [0x0000000080000000, 0x0000000100000000)
  region size 1024K, 100 young (102400K), 1 survivors (1024K)
 Metaspace       used 116005K, capacity 118423K, committed 119120K, reserved 1153024K
  class space    used 14054K, capacity 14961K, committed 15232K, reserved 1048576K
}
Event: 22.379 GC heap after
{Heap after GC invocations=38 (full 0):
 garbage-first heap   total 315392K, used 118305K [0x0000000080000000, 0x0000000100000000)
  region size 1024K, 1 young (1024K), 1 survivors (1024K)
 Metaspace       used 116005K, capacity 118423K, committed 119120K, reserved 1153024K
  class space    used 14054K, capacity 14961K, committed 15232K, reserved 1048576K
}
Event: 22.971 GC heap before
{Heap before GC invocations=38 (full 0):
 garbage-first heap   total 315392K, used 225825K [0x0000000080000000, 0x0000000100000000)
  region size 1024K, 107 young (109568K), 1 survivors (1024K)
 Metaspace       used 116283K, capacity 118826K, committed 119376K, reserved 1153024K
  class space    used 14096K, capacity 15024K, committed 15232K, reserved 1048576K
}
Event: 22.973 GC heap after
{Heap after GC invocations=39 (full 0):
 garbage-first heap   total 315392K, used 117130K [0x0000000080000000, 0x0000000100000000)
  region size 1024K, 2 young (2048K), 2 survivors (2048K)
 Metaspace       used 116283K, capacity 118826K, committed 119376K, reserved 1153024K
  class space    used 14096K, capacity 15024K, committed 15232K, reserved 1048576K
}
Event: 23.351 GC heap before
{Heap before GC invocations=39 (full 0):
 garbage-first heap   total 315392K, used 246154K [0x0000000080000000, 0x0000000100000000)
  region size 1024K, 114 young (116736K), 2 survivors (2048K)
 Metaspace       used 116606K, capacity 119182K, committed 119632K, reserved 1153024K
  class space    used 14150K, capacity 15078K, committed 15232K, reserved 1048576K
}
Event: 23.355 GC heap after
{Heap after GC invocations=40 (full 0):
 garbage-first heap   total 315392K, used 123396K [0x0000000080000000, 0x0000000100000000)
  region size 1024K, 6 young (6144K), 6 survivors (6144K)
 Metaspace       used 116606K, capacity 119182K, committed 119632K, reserved 1153024K
  class space    used 14150K, capacity 15078K, committed 15232K, reserved 1048576K
}
Event: 23.459 GC heap before
{Heap before GC invocations=40 (full 0):
 garbage-first heap   total 315392K, used 238084K [0x0000000080000000, 0x0000000100000000)
  region size 1024K, 119 young (121856K), 6 survivors (6144K)
 Metaspace       used 117695K, capacity 120328K, committed 120528K, reserved 1155072K
  class space    used 14311K, capacity 15269K, committed 15360K, reserved 1048576K
}
Event: 23.467 GC heap after
{Heap after GC invocations=41 (full 0):
 garbage-first heap   total 315392K, used 137623K [0x0000000080000000, 0x0000000100000000)
  region size 1024K, 15 young (15360K), 15 survivors (15360K)
 Metaspace       used 117695K, capacity 120328K, committed 120528K, reserved 1155072K
  class space    used 14311K, capacity 15269K, committed 15360K, reserved 1048576K
}
Event: 23.728 GC heap before
{Heap before GC invocations=41 (full 0):
 garbage-first heap   total 315392K, used 244119K [0x0000000080000000, 0x0000000100000000)
  region size 1024K, 120 young (122880K), 15 survivors (15360K)
 Metaspace       used 121012K, capacity 124021K, committed 124368K, reserved 1157120K
  class space    used 14862K, capacity 16014K, committed 16128K, reserved 1048576K
}
Event: 23.737 GC heap after
{Heap after GC invocations=42 (full 0):
 garbage-first heap   total 315392K, used 148756K [0x0000000080000000, 0x0000000100000000)
  region size 1024K, 15 young (15360K), 15 survivors (15360K)
 Metaspace       used 121012K, capacity 124021K, committed 124368K, reserved 1157120K
  class space    used 14862K, capacity 16014K, committed 16128K, reserved 1048576K
}
Event: 24.174 GC heap before
{Heap before GC invocations=42 (full 0):
 garbage-first heap   total 315392K, used 247060K [0x0000000080000000, 0x0000000100000000)
  region size 1024K, 112 young (114688K), 15 survivors (15360K)
 Metaspace       used 128170K, capacity 132381K, committed 132560K, reserved 1163264K
  class space    used 16318K, capacity 18136K, committed 18176K, reserved 1048576K
}
Event: 24.187 GC heap after
{Heap after GC invocations=43 (full 0):
 garbage-first heap   total 315392K, used 158691K [0x0000000080000000, 0x0000000100000000)
  region size 1024K, 14 young (14336K), 14 survivors (14336K)
 Metaspace       used 128170K, capacity 132381K, committed 132560K, reserved 1163264K
  class space    used 16318K, capacity 18136K, committed 18176K, reserved 1048576K
}
Event: 24.415 GC heap before
{Heap before GC invocations=43 (full 0):
 garbage-first heap   total 315392K, used 249827K [0x0000000080000000, 0x0000000100000000)
  region size 1024K, 104 young (106496K), 14 survivors (14336K)
 Metaspace       used 131173K, capacity 135831K, committed 136016K, reserved 1167360K
  class space    used 16836K, capacity 18806K, committed 18816K, reserved 1048576K
}
Event: 24.440 GC heap after
{Heap after GC invocations=44 (full 0):
 garbage-first heap   total 315392K, used 172927K [0x0000000080000000, 0x0000000100000000)
  region size 1024K, 13 young (13312K), 13 survivors (13312K)
 Metaspace       used 131173K, capacity 135831K, committed 136016K, reserved 1167360K
  class space    used 16836K, capacity 18806K, committed 18816K, reserved 1048576K
}
Event: 24.688 GC heap before
{Heap before GC invocations=44 (full 0):
 garbage-first heap   total 315392K, used 253823K [0x0000000080000000, 0x0000000100000000)
  region size 1024K, 93 young (95232K), 13 survivors (13312K)
 Metaspace       used 130740K, capacity 134882K, committed 136400K, reserved 1167360K
  class space    used 16618K, capacity 18378K, committed 18944K, reserved 1048576K
}
Event: 24.704 GC heap after
{Heap after GC invocations=45 (full 0):
 garbage-first heap   total 315392K, used 184342K [0x0000000080000000, 0x0000000100000000)
  region size 1024K, 12 young (12288K), 12 survivors (12288K)
 Metaspace       used 130740K, capacity 134882K, committed 136400K, reserved 1167360K
  class space    used 16618K, capacity 18378K, committed 18944K, reserved 1048576K
}
Event: 24.808 GC heap before
{Heap before GC invocations=46 (full 0):
 garbage-first heap   total 315392K, used 256022K [0x0000000080000000, 0x0000000100000000)
  region size 1024K, 83 young (84992K), 12 survivors (12288K)
 Metaspace       used 130826K, capacity 134943K, committed 136400K, reserved 1167360K
  class space    used 16632K, capacity 18396K, committed 18944K, reserved 1048576K
}

