# JRE version: OpenJDK Runtime Environment (11.0.13) (build 11.0.13+0-b1751.21-8125866)
# Java VM: OpenJDK 64-Bit Server VM (11.0.13+0-b1751.21-8125866, mixed mode, tiered, compressed oops, g1 gc, windows-amd64)
Heap:
 garbage-first heap   total 262144K, used 70054K [0x0000000080000000, 0x0000000100000000)
  region size 1024K, 10 young (10240K), 10 survivors (10240K)
 Metaspace       used 80281K, capacity 82030K, committed 82128K, reserved 1128448K
  class space    used 10301K, capacity 10958K, committed 11008K, reserved 1048576K
GC Heap History (20 events):
Event: 0.579 GC heap before
{Heap before GC invocations=0 (full 0):
 garbage-first heap   total 262144K, used 29696K [0x0000000080000000, 0x0000000100000000)
  region size 1024K, 24 young (24576K), 0 survivors (0K)
 Metaspace       used 9816K, capacity 10066K, committed 10368K, reserved 1058816K
  class space    used 1011K, capacity 1102K, committed 1152K, reserved 1048576K
}
Event: 0.583 GC heap after
{Heap after GC invocations=1 (full 0):
 garbage-first heap   total 262144K, used 9290K [0x0000000080000000, 0x0000000100000000)
  region size 1024K, 3 young (3072K), 3 survivors (3072K)
 Metaspace       used 9816K, capacity 10066K, committed 10368K, reserved 1058816K
  class space    used 1011K, capacity 1102K, committed 1152K, reserved 1048576K
}
Event: 2.674 GC heap before
{Heap before GC invocations=1 (full 0):
 garbage-first heap   total 262144K, used 114762K [0x0000000080000000, 0x0000000100000000)
  region size 1024K, 107 young (109568K), 3 survivors (3072K)
 Metaspace       used 20796K, capacity 21201K, committed 21296K, reserved 1069056K
  class space    used 2530K, capacity 2688K, committed 2688K, reserved 1048576K
}
Event: 2.680 GC heap after
{Heap after GC invocations=2 (full 0):
 garbage-first heap   total 262144K, used 17482K [0x0000000080000000, 0x0000000100000000)
  region size 1024K, 11 young (11264K), 11 survivors (11264K)
 Metaspace       used 20796K, capacity 21201K, committed 21296K, reserved 1069056K
  class space    used 2530K, capacity 2688K, committed 2688K, reserved 1048576K
}
Event: 3.088 GC heap before
{Heap before GC invocations=3 (full 0):
 garbage-first heap   total 262144K, used 67658K [0x0000000080000000, 0x0000000100000000)
  region size 1024K, 60 young (61440K), 11 survivors (11264K)
 Metaspace       used 26076K, capacity 26636K, committed 27008K, reserved 1073152K
  class space    used 3382K, capacity 3592K, committed 3712K, reserved 1048576K
}
Event: 3.093 GC heap after
{Heap after GC invocations=4 (full 0):
 garbage-first heap   total 262144K, used 19317K [0x0000000080000000, 0x0000000100000000)
  region size 1024K, 3 young (3072K), 3 survivors (3072K)
 Metaspace       used 26076K, capacity 26636K, committed 27008K, reserved 1073152K
  class space    used 3382K, capacity 3592K, committed 3712K, reserved 1048576K
}
Event: 3.743 GC heap before
{Heap before GC invocations=4 (full 0):
 garbage-first heap   total 262144K, used 86901K [0x0000000080000000, 0x0000000100000000)
  region size 1024K, 70 young (71680K), 3 survivors (3072K)
 Metaspace       used 35184K, capacity 35957K, committed 36048K, reserved 1081344K
  class space    used 4517K, capacity 4808K, committed 4864K, reserved 1048576K
}
Event: 3.749 GC heap after
{Heap after GC invocations=5 (full 0):
 garbage-first heap   total 262144K, used 22568K [0x0000000080000000, 0x0000000100000000)
  region size 1024K, 6 young (6144K), 6 survivors (6144K)
 Metaspace       used 35184K, capacity 35957K, committed 36048K, reserved 1081344K
  class space    used 4517K, capacity 4808K, committed 4864K, reserved 1048576K
}
Event: 4.744 GC heap before
{Heap before GC invocations=6 (full 0):
 garbage-first heap   total 262144K, used 139304K [0x0000000080000000, 0x0000000100000000)
  region size 1024K, 116 young (118784K), 6 survivors (6144K)
 Metaspace       used 44652K, capacity 45703K, committed 46032K, reserved 1089536K
  class space    used 5640K, capacity 6036K, committed 6144K, reserved 1048576K
}
Event: 4.751 GC heap after
{Heap after GC invocations=7 (full 0):
 garbage-first heap   total 262144K, used 29581K [0x0000000080000000, 0x0000000100000000)
  region size 1024K, 13 young (13312K), 13 survivors (13312K)
 Metaspace       used 44652K, capacity 45703K, committed 46032K, reserved 1089536K
  class space    used 5640K, capacity 6036K, committed 6144K, reserved 1048576K
}
Event: 5.651 GC heap before
{Heap before GC invocations=7 (full 0):
 garbage-first heap   total 262144K, used 165773K [0x0000000080000000, 0x0000000100000000)
  region size 1024K, 137 young (140288K), 13 survivors (13312K)
 Metaspace       used 50362K, capacity 51749K, committed 51920K, reserved 1093632K
  class space    used 6362K, capacity 6866K, committed 6912K, reserved 1048576K
}
Event: 5.660 GC heap after
{Heap after GC invocations=8 (full 0):
 garbage-first heap   total 262144K, used 49778K [0x0000000080000000, 0x0000000100000000)
  region size 1024K, 18 young (18432K), 18 survivors (18432K)
 Metaspace       used 50362K, capacity 51749K, committed 51920K, reserved 1093632K
  class space    used 6362K, capacity 6866K, committed 6912K, reserved 1048576K
}
Event: 6.339 GC heap before
{Heap before GC invocations=8 (full 0):
 garbage-first heap   total 262144K, used 114290K [0x0000000080000000, 0x0000000100000000)
  region size 1024K, 82 young (83968K), 18 survivors (18432K)
 Metaspace       used 58855K, capacity 60347K, committed 60496K, reserved 1101824K
  class space    used 7391K, capacity 7937K, committed 8064K, reserved 1048576K
}
Event: 6.359 GC heap after
{Heap after GC invocations=9 (full 0):
 garbage-first heap   total 262144K, used 52870K [0x0000000080000000, 0x0000000100000000)
  region size 1024K, 4 young (4096K), 4 survivors (4096K)
 Metaspace       used 58855K, capacity 60347K, committed 60496K, reserved 1101824K
  class space    used 7391K, capacity 7937K, committed 8064K, reserved 1048576K
}
Event: 7.555 GC heap before
{Heap before GC invocations=10 (full 0):
 garbage-first heap   total 262144K, used 192134K [0x0000000080000000, 0x0000000100000000)
  region size 1024K, 133 young (136192K), 4 survivors (4096K)
 Metaspace       used 69259K, capacity 70906K, committed 70992K, reserved 1112064K
  class space    used 8699K, capacity 9326K, committed 9344K, reserved 1048576K
}
Event: 7.567 GC heap after
{Heap after GC invocations=11 (full 0):
 garbage-first heap   total 262144K, used 61156K [0x0000000080000000, 0x0000000100000000)
  region size 1024K, 12 young (12288K), 12 survivors (12288K)
 Metaspace       used 69259K, capacity 70906K, committed 70992K, reserved 1112064K
  class space    used 8699K, capacity 9326K, committed 9344K, reserved 1048576K
}
Event: 8.849 GC heap before
{Heap before GC invocations=12 (full 0):
 garbage-first heap   total 262144K, used 190180K [0x0000000080000000, 0x0000000100000000)
  region size 1024K, 138 young (141312K), 12 survivors (12288K)
 Metaspace       used 79488K, capacity 81207K, committed 81488K, reserved 1120256K
  class space    used 10190K, capacity 10837K, committed 10880K, reserved 1048576K
}
Event: 8.859 GC heap after
{Heap after GC invocations=13 (full 0):
 garbage-first heap   total 262144K, used 69654K [0x0000000080000000, 0x0000000100000000)
  region size 1024K, 9 young (9216K), 9 survivors (9216K)
 Metaspace       used 79488K, capacity 81207K, committed 81488K, reserved 1120256K
  class space    used 10190K, capacity 10837K, committed 10880K, reserved 1048576K
}
Event: 8.961 GC heap before
{Heap before GC invocations=13 (full 0):
 garbage-first heap   total 262144K, used 81942K [0x0000000080000000, 0x0000000100000000)
  region size 1024K, 22 young (22528K), 9 survivors (9216K)
 Metaspace       used 80281K, capacity 82030K, committed 82128K, reserved 1126400K
  class space    used 10301K, capacity 10958K, committed 11008K, reserved 1048576K
}
Event: 8.970 GC heap after
{Heap after GC invocations=14 (full 0):
 garbage-first heap   total 262144K, used 70054K [0x0000000080000000, 0x0000000100000000)
  region size 1024K, 10 young (10240K), 10 survivors (10240K)
 Metaspace       used 80281K, capacity 82030K, committed 82128K, reserved 1126400K
  class space    used 10301K, capacity 10958K, committed 11008K, reserved 1048576K
}

