# JRE version: OpenJDK Runtime Environment (11.0.13) (build 11.0.13+0-b1751.21-8125866)
# Java VM: OpenJDK 64-Bit Server VM (11.0.13+0-b1751.21-8125866, mixed mode, tiered, compressed oops, g1 gc, windows-amd64)
Heap:
 garbage-first heap   total 409600K, used 324724K [0x0000000080000000, 0x0000000100000000)
  region size 1024K, 110 young (112640K), 8 survivors (8192K)
 Metaspace       used 186130K, capacity 190942K, committed 191280K, reserved 1216512K
  class space    used 22394K, capacity 24066K, committed 24192K, reserved 1048576K
GC Heap History (20 events):
Event: 3950.510 GC heap before
{Heap before GC invocations=133 (full 0):
 garbage-first heap   total 409600K, used 346376K [0x0000000080000000, 0x0000000100000000)
  region size 1024K, 60 young (61440K), 2 survivors (2048K)
 Metaspace       used 176340K, capacity 181025K, committed 181296K, reserved 1208320K
  class space    used 21480K, capacity 23117K, committed 23168K, reserved 1048576K
}
Event: 3950.517 GC heap after
{Heap after GC invocations=134 (full 0):
 garbage-first heap   total 409600K, used 287993K [0x0000000080000000, 0x0000000100000000)
  region size 1024K, 2 young (2048K), 2 survivors (2048K)
 Metaspace       used 176340K, capacity 181025K, committed 181296K, reserved 1208320K
  class space    used 21480K, capacity 23117K, committed 23168K, reserved 1048576K
}
Event: 3950.990 GC heap before
{Heap before GC invocations=135 (full 0):
 garbage-first heap   total 409600K, used 336121K [0x0000000080000000, 0x0000000100000000)
  region size 1024K, 63 young (64512K), 2 survivors (2048K)
 Metaspace       used 178357K, capacity 183080K, committed 183344K, reserved 1210368K
  class space    used 21728K, capacity 23375K, committed 23424K, reserved 1048576K
}
Event: 3950.996 GC heap after
{Heap after GC invocations=136 (full 0):
 garbage-first heap   total 409600K, used 276169K [0x0000000080000000, 0x0000000100000000)
  region size 1024K, 4 young (4096K), 4 survivors (4096K)
 Metaspace       used 178357K, capacity 183080K, committed 183344K, reserved 1210368K
  class space    used 21728K, capacity 23375K, committed 23424K, reserved 1048576K
}
Event: 3951.193 GC heap before
{Heap before GC invocations=136 (full 0):
 garbage-first heap   total 409600K, used 308937K [0x0000000080000000, 0x0000000100000000)
  region size 1024K, 20 young (20480K), 4 survivors (4096K)
 Metaspace       used 178481K, capacity 183240K, committed 183344K, reserved 1210368K
  class space    used 21739K, capacity 23407K, committed 23424K, reserved 1048576K
}
Event: 3951.200 GC heap after
{Heap after GC invocations=137 (full 0):
 garbage-first heap   total 409600K, used 274832K [0x0000000080000000, 0x0000000100000000)
  region size 1024K, 1 young (1024K), 1 survivors (1024K)
 Metaspace       used 178481K, capacity 183240K, committed 183344K, reserved 1210368K
  class space    used 21739K, capacity 23407K, committed 23424K, reserved 1048576K
}
Event: 3951.518 GC heap before
{Heap before GC invocations=137 (full 0):
 garbage-first heap   total 409600K, used 344464K [0x0000000080000000, 0x0000000100000000)
  region size 1024K, 70 young (71680K), 1 survivors (1024K)
 Metaspace       used 181550K, capacity 186317K, committed 186416K, reserved 1212416K
  class space    used 21990K, capacity 23645K, committed 23680K, reserved 1048576K
}
Event: 3951.528 GC heap after
{Heap after GC invocations=138 (full 0):
 garbage-first heap   total 409600K, used 285022K [0x0000000080000000, 0x0000000100000000)
  region size 1024K, 9 young (9216K), 9 survivors (9216K)
 Metaspace       used 181550K, capacity 186317K, committed 186416K, reserved 1212416K
  class space    used 21990K, capacity 23645K, committed 23680K, reserved 1048576K
}
Event: 3951.844 GC heap before
{Heap before GC invocations=139 (full 0):
 garbage-first heap   total 409600K, used 310622K [0x0000000080000000, 0x0000000100000000)
  region size 1024K, 71 young (72704K), 9 survivors (9216K)
 Metaspace       used 182367K, capacity 187053K, committed 187184K, reserved 1212416K
  class space    used 22036K, capacity 23677K, committed 23680K, reserved 1048576K
}
Event: 3951.853 GC heap after
{Heap after GC invocations=140 (full 0):
 garbage-first heap   total 409600K, used 247302K [0x0000000080000000, 0x0000000100000000)
  region size 1024K, 5 young (5120K), 5 survivors (5120K)
 Metaspace       used 182367K, capacity 187053K, committed 187184K, reserved 1212416K
  class space    used 22036K, capacity 23677K, committed 23680K, reserved 1048576K
}
Event: 3951.921 GC heap before
{Heap before GC invocations=140 (full 0):
 garbage-first heap   total 409600K, used 263686K [0x0000000080000000, 0x0000000100000000)
  region size 1024K, 20 young (20480K), 5 survivors (5120K)
 Metaspace       used 182764K, capacity 187479K, committed 187824K, reserved 1214464K
  class space    used 22061K, capacity 23710K, committed 23808K, reserved 1048576K
}
Event: 3951.933 GC heap after
{Heap after GC invocations=141 (full 0):
 garbage-first heap   total 409600K, used 237383K [0x0000000080000000, 0x0000000100000000)
  region size 1024K, 3 young (3072K), 3 survivors (3072K)
 Metaspace       used 182764K, capacity 187479K, committed 187824K, reserved 1214464K
  class space    used 22061K, capacity 23710K, committed 23808K, reserved 1048576K
}
Event: 3952.152 GC heap before
{Heap before GC invocations=141 (full 0):
 garbage-first heap   total 409600K, used 325447K [0x0000000080000000, 0x0000000100000000)
  region size 1024K, 90 young (92160K), 3 survivors (3072K)
 Metaspace       used 182959K, capacity 187735K, committed 188080K, reserved 1214464K
  class space    used 22071K, capacity 23710K, committed 23808K, reserved 1048576K
}
Event: 3952.159 GC heap after
{Heap after GC invocations=142 (full 0):
 garbage-first heap   total 409600K, used 236612K [0x0000000080000000, 0x0000000100000000)
  region size 1024K, 3 young (3072K), 3 survivors (3072K)
 Metaspace       used 182959K, capacity 187735K, committed 188080K, reserved 1214464K
  class space    used 22071K, capacity 23710K, committed 23808K, reserved 1048576K
}
Event: 3952.696 GC heap before
{Heap before GC invocations=143 (full 0):
 garbage-first heap   total 409600K, used 327748K [0x0000000080000000, 0x0000000100000000)
  region size 1024K, 95 young (97280K), 3 survivors (3072K)
 Metaspace       used 183771K, capacity 188556K, committed 188720K, reserved 1214464K
  class space    used 22156K, capacity 23811K, committed 23936K, reserved 1048576K
}
Event: 3952.699 GC heap after
{Heap after GC invocations=144 (full 0):
 garbage-first heap   total 409600K, used 229716K [0x0000000080000000, 0x0000000100000000)
  region size 1024K, 2 young (2048K), 2 survivors (2048K)
 Metaspace       used 183771K, capacity 188556K, committed 188720K, reserved 1214464K
  class space    used 22156K, capacity 23811K, committed 23936K, reserved 1048576K
}
Event: 3952.735 GC heap before
{Heap before GC invocations=144 (full 0):
 garbage-first heap   total 409600K, used 247124K [0x0000000080000000, 0x0000000100000000)
  region size 1024K, 20 young (20480K), 2 survivors (2048K)
 Metaspace       used 183793K, capacity 188562K, committed 188720K, reserved 1214464K
  class space    used 22157K, capacity 23812K, committed 23936K, reserved 1048576K
}
Event: 3952.742 GC heap after
{Heap after GC invocations=145 (full 0):
 garbage-first heap   total 409600K, used 216669K [0x0000000080000000, 0x0000000100000000)
  region size 1024K, 2 young (2048K), 2 survivors (2048K)
 Metaspace       used 183793K, capacity 188562K, committed 188720K, reserved 1214464K
  class space    used 22157K, capacity 23812K, committed 23936K, reserved 1048576K
}
Event: 3953.330 GC heap before
{Heap before GC invocations=145 (full 0):
 garbage-first heap   total 409600K, used 328285K [0x0000000080000000, 0x0000000100000000)
  region size 1024K, 112 young (114688K), 2 survivors (2048K)
 Metaspace       used 185102K, capacity 189797K, committed 190000K, reserved 1216512K
  class space    used 22295K, capacity 23921K, committed 23936K, reserved 1048576K
}
Event: 3953.338 GC heap after
{Heap after GC invocations=146 (full 0):
 garbage-first heap   total 409600K, used 222324K [0x0000000080000000, 0x0000000100000000)
  region size 1024K, 8 young (8192K), 8 survivors (8192K)
 Metaspace       used 185102K, capacity 189797K, committed 190000K, reserved 1216512K
  class space    used 22295K, capacity 23921K, committed 23936K, reserved 1048576K
}

